1 10 20
100 200 125
201 210 89
900 1000 174
1 1 1
50 40 110
203 4040 238
5851 593993 470
330 1 144
100 100 1
1000 1000 1
27 31 112
2938 39439 324
999999 999999 1
5 10 20
50 100 119
500 1000 179
501 1000 179
501 1001 179
5000 10000 262
5001 10000 262
20 30 112
40 50 110
60 70 108
80 90 111
1 999999 525
2 999999 525
3 999999 525
1 999999 525
500 999 179
5389 19823 279
2905 239084 443
23498 28193 308
100000 1 351
7040 3049 262
92929 29393 351
9430 3012 262
29039 2332 308
3905 211 238
2039 32578 308
209 34522 311
3209 22324 279
243069 21412 443
203 204 40
99 100 26
100 101 26
8448 9339 260
6871 7391 257
3940 394000 443
500000 999999 525
250089 697306 509
922074 652997 525
716086 673155 504
152451 331231 443
435787 301208 449
683418 350645 509
155269 796085 509
549876 507370 470
284093 136455 443
716578 439723 509
154002 506345 449
664143 846787 525
238562 763976 509
828487 368973 509
266726 2660 443
216318 298087 443
951084 33167 525
706322 654744 504
502328 667170 509
484730 375126 449
725771 454467 509
250552 168148 443
675519 881040 525
533847 800428 509
756503 475964 509
498661 766778 509
613565 910505 525
674482 162804 509
531777 852127 525
371139 19321 443
317408 314856 353
864375 587458 525
758554 268493 509
452015 570698 470
462176 260882 449
715350 936746 525
621246 187947 470
68987 965902 525
766331 813117 468
289081 119186 443
885964 522834 525
433340 787742 509
950547 499529 525
868009 624174 525
159847 998676 525
829884 239148 509
342958 477255 449
262100 694260 509
781310 101513 509
362345 230468 443
348 477255 449
262100 614260 470
710 101513 351
362395 230268 443
